t=0
('x=', array([ 7.79520685e-30,  2.07211255e-02,  3.34704048e-22, -1.58826660e-22,
       -6.61744490e-24,  0.00000000e+00]))
('u=', array([ 0.03161584,  0.00394066,  0.09598062, -0.0143903 ]))
t=1
('x=', array([-4.27396304e-07,  2.07211358e-02,  5.78399825e-06, -1.59172040e-02,
        4.23191101e-05,  7.74162711e-01]))
('u=', array([ 0.01278568,  0.00150744,  0.07723876, -0.00585155]))
t=2
('x=', array([-1.60331512e-04,  2.07215795e-02,  7.74744598e-03, -2.25341614e-02,
        2.19155396e-04,  1.08961680e+00]))
('u=', array([ 0.00905051,  0.00105994,  0.07356025, -0.00394709]))
idx=0
Optimization terminated successfully.
         Current function value: 0.000000    
         Iterations: 11
[ 4.55471373e-23  0.00000000e+00  6.43370000e-02  0.00000000e+00
  1.77995779e-16  1.77995779e-16  0.00000000e+00  0.00000000e+00
  0.00000000e+00  0.00000000e+00 -5.05567187e-16 -5.61383187e-15
  7.67614236e-17  0.00000000e+00  0.00000000e+00  0.00000000e+00
  1.77995779e-16]
